<?xml version="1.0" encoding="UTF-8"?>
<!-- Generated by org.testng.reporters.JUnitXMLReporter -->
<testsuite ignored="0" hostname="OSIYA" failures="2" tests="3" name="Orange_HRM" time="17.458" errors="0" timestamp="2023-03-09T22:36:09 IST">
  <testcase classname="test_Classes.DashboardPage_TestClass" name="@AfterTest afterTest" time="0.003">
    <failure type="java.lang.NullPointerException" message="Cannot invoke &amp;quot;org.openqa.selenium.WebDriver.quit()&amp;quot; because &amp;quot;this.driver&amp;quot; is null">
      <![CDATA[java.lang.NullPointerException: Cannot invoke "org.openqa.selenium.WebDriver.quit()" because "this.driver" is null
at test_Classes.DashboardPage_TestClass.afterTest(DashboardPage_TestClass.java:86)
... Removed 22 stack frames]]>
    </failure>
  </testcase> <!-- @AfterTest afterTest -->
  <testcase classname="test_Classes.LoginPage_TestClass" name="VerifyLoginPageWithInvalidDetails" time="2.296">
    <failure type="java.lang.AssertionError" message="expected [https://opensource-demo.orangehrmlive.com/web/index.php/auth/login] but found [https://opensource-demo.orangehrmlive.com/web/index.php/dashboard/index]">
      <![CDATA[java.lang.AssertionError: expected [https://opensource-demo.orangehrmlive.com/web/index.php/auth/login] but found [https://opensource-demo.orangehrmlive.com/web/index.php/dashboard/index]
at test_Classes.LoginPage_TestClass.VerifyLoginPageWithInvalidDetails(LoginPage_TestClass.java:49)
at java.base/java.util.ArrayList.forEach(ArrayList.java:1511)
... Removed 31 stack frames]]>
    </failure>
  </testcase> <!-- VerifyLoginPageWithInvalidDetails -->
  <testcase classname="test_Classes.LoginPage_TestClass" name="VerifyLoginPageWithValidDetails" time="2.02"/>
  <testcase classname="test_Classes.DashboardPage_TestClass" name="verifyTabsPresentOnDashboardPage" time="0.017">
    <failure type="java.lang.IllegalArgumentException" message="Input must be set">
      <![CDATA[java.lang.IllegalArgumentException: Input must be set
at org.openqa.selenium.internal.Require.nonNull(Require.java:59)
at org.openqa.selenium.support.ui.FluentWait.<init>(FluentWait.java:97)
at org.openqa.selenium.support.ui.WebDriverWait.<init>(WebDriverWait.java:77)
at org.openqa.selenium.support.ui.WebDriverWait.<init>(WebDriverWait.java:46)
at pom_Packages.DashboardPage_OrangeHRM.<init>(DashboardPage_OrangeHRM.java:53)
at test_Classes.DashboardPage_TestClass.verifyTabsPresentOnDashboardPage(DashboardPage_TestClass.java:36)
at java.base/java.util.ArrayList.forEach(ArrayList.java:1511)
... Removed 25 stack frames]]>
    </failure>
  </testcase> <!-- verifyTabsPresentOnDashboardPage -->
</testsuite> <!-- Orange_HRM -->
